{
  "RSpec": {
    "coverage": {
      "/Users/alistairwye/Projects/MakersBnB/app/app.rb": [
        1,
        null,
        1,
        1,
        1,
        1,
        1,
        1,
        1,
        1,
        1,
        null,
        1,
        null,
        1,
        null,
        1,
        null
      ],
      "/Users/alistairwye/Projects/MakersBnB/app/data_mapper_setup.rb": [
        1,
        1,
        null,
        1,
        1,
        1,
        null,
        1,
        1,
        1
      ],
      "/Users/alistairwye/Projects/MakersBnB/app/models/space.rb": [
        1,
        null,
        1,
        null,
        1,
        1,
        1,
        1,
        1,
        1,
        null,
        null,
        1,
        null,
        1,
        null,
        null
      ],
      "/Users/alistairwye/Projects/MakersBnB/app/models/user.rb": [
        1,
        null,
        1,
        1,
        null,
        1,
        1,
        null,
        1,
        1,
        1,
        null,
        1,
        1,
        1,
        null,
        1,
        1,
        null,
        1,
        19,
        19,
        null,
        null,
        1,
        4,
        4,
        3,
        null,
        null,
        null,
        null,
        null
      ],
      "/Users/alistairwye/Projects/MakersBnB/app/models/request.rb": [
        1,
        null,
        1,
        null,
        1,
        1,
        1,
        null,
        1,
        1,
        null,
        null
      ],
      "/Users/alistairwye/Projects/MakersBnB/app/controllers/space.rb": [
        1,
        1,
        22,
        22,
        null,
        null,
        1,
        6,
        null,
        null,
        1,
        6,
        null,
        null,
        null,
        null,
        null,
        6,
        null,
        null,
        1,
        2,
        2,
        null,
        null,
        null
      ],
      "/Users/alistairwye/Projects/MakersBnB/app/controllers/user.rb": [
        1,
        1,
        18,
        18,
        null,
        null,
        1,
        14,
        null,
        null,
        14,
        9,
        9,
        null,
        5,
        5,
        null,
        null,
        null,
        1,
        3,
        null,
        null,
        1,
        2,
        2,
        2,
        2,
        null,
        0,
        0,
        null,
        null,
        null,
        1,
        3,
        3,
        3,
        null,
        null,
        null
      ],
      "/Users/alistairwye/Projects/MakersBnB/app/controllers/session.rb": [
        1,
        1,
        0,
        null,
        null,
        1,
        0,
        0,
        0,
        0,
        null,
        0,
        0,
        null,
        null,
        null,
        1,
        0,
        0,
        0,
        null,
        null
      ],
      "/Users/alistairwye/Projects/MakersBnB/app/controllers/request.rb": [
        1,
        null,
        1,
        1,
        1,
        null,
        null,
        null,
        1,
        null,
        null,
        1,
        1,
        1,
        null,
        null,
        null
      ],
      "/Users/alistairwye/Projects/MakersBnB/app/server.rb": [
        1,
        1,
        null,
        1,
        null,
        1,
        1,
        1,
        null,
        1,
        null
      ],
      "/Users/alistairwye/Projects/MakersBnB/app/helpers.rb": [
        1,
        null,
        1,
        11,
        null,
        null,
        null,
        1,
        98,
        null,
        null,
        null
      ],
      "/Users/alistairwye/Projects/MakersBnB/spec/helpers/listings.rb": [
        1,
        null,
        null,
        null,
        null,
        null,
        5,
        5,
        5,
        5,
        5,
        5,
        5,
        5,
        5,
        null,
        null,
        1,
        1,
        1,
        1,
        1,
        null
      ],
      "/Users/alistairwye/Projects/MakersBnB/spec/helpers/session.rb": [
        1,
        null,
        1,
        2,
        2,
        2,
        2,
        null,
        null,
        1,
        14,
        14,
        14,
        14,
        14,
        14,
        null,
        null
      ],
      "/Users/alistairwye/Projects/MakersBnB/spec/features/listing_space_spec.rb": [
        1,
        1,
        1,
        1,
        1,
        null,
        1,
        1,
        1,
        1,
        null,
        null,
        null,
        1,
        1,
        1,
        1,
        1,
        1,
        1,
        1,
        1,
        1,
        1,
        1,
        1,
        null,
        null,
        1,
        1,
        1,
        1,
        null,
        null,
        null
      ],
      "/Users/alistairwye/Projects/MakersBnB/spec/features/making_requests_spec.rb": [
        1,
        null,
        1,
        1,
        1,
        1,
        1,
        1,
        1,
        1,
        1,
        null,
        null,
        1,
        1,
        1,
        1,
        1,
        1,
        1,
        1,
        1,
        null,
        null,
        null
      ],
      "/Users/alistairwye/Projects/MakersBnB/spec/features/sign_in_spec.rb": [
        1,
        null,
        1,
        2,
        null,
        null,
        1,
        1,
        1,
        1,
        null,
        null,
        1,
        1,
        1,
        1,
        null,
        null
      ],
      "/Users/alistairwye/Projects/MakersBnB/spec/features/sign_out_spec.rb": [
        1,
        1,
        1,
        null,
        null,
        1,
        1,
        1,
        1,
        1,
        null,
        null
      ],
      "/Users/alistairwye/Projects/MakersBnB/spec/features/sign_up_spec.rb": [
        1,
        1,
        2,
        1,
        1,
        null,
        null,
        1,
        2,
        null,
        null,
        1,
        2,
        1,
        1,
        null,
        null,
        1,
        2,
        1,
        1,
        null,
        null,
        1,
        2,
        1,
        1,
        null,
        null,
        1,
        1,
        2,
        1,
        null,
        null,
        null
      ],
      "/Users/alistairwye/Projects/MakersBnB/spec/models/user_spec.rb": [
        1,
        1,
        2,
        null,
        null,
        1,
        1,
        1,
        null,
        null,
        1,
        1,
        null,
        null
      ]
    },
    "timestamp": 1467215742
  }
}
