{
  "RSpec": {
    "coverage": {
      "/Users/annasmith/Desktop/Projects/MakersBnB/app/app.rb": [
        1,
        null,
        1,
        1,
        1,
        1,
        1,
        1,
        1,
        1,
        null,
        1,
        null,
        1,
        null,
        1,
        null
      ],
      "/Users/annasmith/Desktop/Projects/MakersBnB/app/data_mapper_setup.rb": [
        1,
        1,
        null,
        1,
        1,
        null,
        1,
        1,
        1
      ],
      "/Users/annasmith/Desktop/Projects/MakersBnB/app/models/space.rb": [
        1,
        1,
        null,
        1,
        null,
        1,
        null,
        1,
        1,
        1,
        1,
        1,
        1,
        null,
        null,
        1,
        null,
        null
      ],
      "/Users/annasmith/Desktop/Projects/MakersBnB/app/models/user.rb": [
        1,
        1,
        1,
        null,
        1,
        1,
        null,
        1,
        1,
        null,
        1,
        1,
        1,
        null,
        1,
        1,
        1,
        null,
        1,
        null,
        1,
        15,
        15,
        null,
        null,
        1,
        4,
        4,
        3,
        null,
        null,
        null,
        null,
        null
      ],
      "/Users/annasmith/Desktop/Projects/MakersBnB/app/controllers/space.rb": [
        1,
        1,
        11,
        11,
        null,
        null,
        1,
        4,
        null,
        null,
        1,
        4,
        4,
        4,
        4,
        null,
        null
      ],
      "/Users/annasmith/Desktop/Projects/MakersBnB/app/controllers/user.rb": [
        1,
        1,
        12,
        12,
        null,
        null,
        1,
        10,
        10,
        5,
        5,
        null,
        5,
        5,
        null,
        null,
        null,
        1,
        3,
        null,
        null,
        1,
        2,
        2,
        2,
        2,
        null,
        0,
        0,
        null,
        null,
        null,
        1,
        1,
        1,
        1,
        null,
        null,
        null
      ],
      "/Users/annasmith/Desktop/Projects/MakersBnB/app/controllers/session.rb": [
        1,
        1,
        0,
        null,
        null,
        1,
        0,
        0,
        0,
        0,
        null,
        0,
        0,
        null,
        null,
        null,
        1,
        0,
        0,
        0,
        null,
        null
      ],
      "/Users/annasmith/Desktop/Projects/MakersBnB/app/server.rb": [
        1,
        1,
        null,
        1,
        null,
        1,
        1,
        1,
        null,
        1,
        null
      ],
      "/Users/annasmith/Desktop/Projects/MakersBnB/app/helpers.rb": [
        1,
        null,
        1,
        5,
        null,
        null,
        null,
        1,
        64,
        null,
        null,
        null
      ],
      "/Users/annasmith/Desktop/Projects/MakersBnB/spec/helpers/listings.rb": [
        1,
        3,
        3,
        3,
        3,
        3,
        3,
        3,
        3,
        null
      ],
      "/Users/annasmith/Desktop/Projects/MakersBnB/spec/helpers/session.rb": [
        1,
        null,
        1,
        2,
        2,
        2,
        2,
        null,
        null,
        1,
        10,
        10,
        10,
        10,
        10,
        10,
        null,
        null
      ],
      "/Users/annasmith/Desktop/Projects/MakersBnB/spec/features/listing_space_spec.rb": [
        1,
        1,
        1,
        1,
        1,
        null,
        1,
        1,
        1,
        1,
        null,
        null,
        null,
        1,
        1,
        1,
        1,
        1,
        1,
        1,
        1,
        1,
        1,
        1,
        1,
        1,
        null,
        null,
        1,
        1,
        1,
        1,
        null,
        null,
        null
      ],
      "/Users/annasmith/Desktop/Projects/MakersBnB/spec/features/sign_in_spec.rb": [
        1,
        null,
        1,
        2,
        null,
        null,
        1,
        1,
        1,
        1,
        null,
        null,
        1,
        1,
        1,
        1,
        null,
        null
      ],
      "/Users/annasmith/Desktop/Projects/MakersBnB/spec/features/sign_out_spec.rb": [
        1,
        1,
        1,
        null,
        null,
        1,
        1,
        1,
        1,
        1,
        null,
        null
      ],
      "/Users/annasmith/Desktop/Projects/MakersBnB/spec/features/sign_up_spec.rb": [
        1,
        1,
        2,
        1,
        1,
        null,
        null,
        1,
        2,
        null,
        null,
        1,
        2,
        1,
        1,
        null,
        null,
        1,
        2,
        1,
        1,
        null,
        null,
        1,
        2,
        1,
        1,
        null,
        null,
        1,
        1,
        2,
        1,
        null,
        null,
        null
      ],
      "/Users/annasmith/Desktop/Projects/MakersBnB/spec/models/user_spec.rb": [
        1,
        1,
        2,
        null,
        null,
        1,
        1,
        1,
        null,
        null,
        1,
        1,
        null,
        null
      ]
    },
    "timestamp": 1467195113
  }
}
